<?xml version="1.0" encoding="UTF-8"?>
<testng-results ignored="0" total="1" passed="1" failed="0" skipped="0">
  <reporter-output>
  </reporter-output>
  <suite started-at="2021-10-04T23:11:52 IDT" name="Default suite" finished-at="2021-10-04T23:12:07 IDT" duration-ms="15170">
    <groups>
    </groups>
    <test started-at="2021-10-04T23:11:52 IDT" name="Default test" finished-at="2021-10-04T23:12:07 IDT" duration-ms="15170">
      <class name="net.azuresites.rakevetfront.registrationtests.PositiveRegistrationTests">
        <test-method is-config="true" signature="setUp(java.lang.String,org.testng.ITestContext)[pri:0, instance:net.azuresites.rakevetfront.registrationtests.PositiveRegistrationTests@247d8ae]" started-at="2021-10-04T23:11:52 IDT" name="setUp" finished-at="2021-10-04T23:11:58 IDT" duration-ms="5771" status="PASS">
          <params>
            <param index="0">
              <value>
                <![CDATA[chrome]]>
              </value>
            </param>
            <param index="1">
              <value>
                <![CDATA[org.testng.TestRunner@64a9d48c]]>
              </value>
            </param>
          </params>
          <reporter-output>
          </reporter-output>
        </test-method> <!-- setUp -->
        <test-method signature="logInTest()[pri:0, instance:net.azuresites.rakevetfront.registrationtests.PositiveRegistrationTests@247d8ae]" started-at="2021-10-04T23:11:58 IDT" name="logInTest" finished-at="2021-10-04T23:12:07 IDT" duration-ms="8624" status="PASS">
          <reporter-output>
          </reporter-output>
        </test-method> <!-- logInTest -->
        <test-method is-config="true" signature="tearDown()[pri:0, instance:net.azuresites.rakevetfront.registrationtests.PositiveRegistrationTests@247d8ae]" started-at="2021-10-04T23:12:07 IDT" name="tearDown" finished-at="2021-10-04T23:12:07 IDT" duration-ms="706" status="PASS">
          <reporter-output>
          </reporter-output>
        </test-method> <!-- tearDown -->
      </class> <!-- net.azuresites.rakevetfront.registrationtests.PositiveRegistrationTests -->
    </test> <!-- Default test -->
  </suite> <!-- Default suite -->
</testng-results>
